# JRE version: OpenJDK Runtime Environment (8.0_242-b01) (build 1.8.0_242-release-1644-b01)
# Java VM: OpenJDK 64-Bit Server VM (25.242-b01 mixed mode windows-amd64 compressed oops)
Heap:
 PSYoungGen      total 443904K, used 148658K [0x00000000d5580000, 0x00000000f2c80000, 0x0000000100000000)
  eden space 420864K, 35% used [0x00000000d5580000,0x00000000de6ac980,0x00000000ef080000)
  from space 23040K, 0% used [0x00000000f1600000,0x00000000f1600000,0x00000000f2c80000)
  to   space 30720K, 0% used [0x00000000ef080000,0x00000000ef080000,0x00000000f0e80000)
 ParOldGen       total 152064K, used 61635K [0x0000000080000000, 0x0000000089480000, 0x00000000d5580000)
  object space 152064K, 40% used [0x0000000080000000,0x0000000083c30f40,0x0000000089480000)
 Metaspace       used 97443K, capacity 102444K, committed 102592K, reserved 1138688K
  class space    used 12903K, capacity 13956K, committed 14056K, reserved 1048576K
GC Heap History (10 events):
Event: 51.053 GC heap before
{Heap before GC invocations=16 (full 3):
 PSYoungGen      total 205824K, used 264K [0x00000000d5580000, 0x00000000e9200000, 0x0000000100000000)
  eden space 188928K, 0% used [0x00000000d5580000,0x00000000d5580000,0x00000000e0e00000)
  from space 16896K, 1% used [0x00000000e0e00000,0x00000000e0e421a8,0x00000000e1e80000)
  to   space 17920K, 0% used [0x00000000e8080000,0x00000000e8080000,0x00000000e9200000)
 ParOldGen       total 80896K, used 36231K [0x0000000080000000, 0x0000000084f00000, 0x00000000d5580000)
  object space 80896K, 44% used [0x0000000080000000,0x0000000082361e90,0x0000000084f00000)
 Metaspace       used 56382K, capacity 58954K, committed 59096K, reserved 1099776K
  class space    used 7576K, capacity 8110K, committed 8192K, reserved 1048576K
Event: 51.286 GC heap after
Heap after GC invocations=16 (full 3):
 PSYoungGen      total 205824K, used 0K [0x00000000d5580000, 0x00000000e9200000, 0x0000000100000000)
  eden space 188928K, 0% used [0x00000000d5580000,0x00000000d5580000,0x00000000e0e00000)
  from space 16896K, 0% used [0x00000000e0e00000,0x00000000e0e00000,0x00000000e1e80000)
  to   space 17920K, 0% used [0x00000000e8080000,0x00000000e8080000,0x00000000e9200000)
 ParOldGen       total 106496K, used 29904K [0x0000000080000000, 0x0000000086800000, 0x00000000d5580000)
  object space 106496K, 28% used [0x0000000080000000,0x0000000081d34038,0x0000000086800000)
 Metaspace       used 56360K, capacity 58882K, committed 59096K, reserved 1099776K
  class space    used 7569K, capacity 8098K, committed 8192K, reserved 1048576K
}
Event: 54.810 GC heap before
{Heap before GC invocations=17 (full 3):
 PSYoungGen      total 205824K, used 188928K [0x00000000d5580000, 0x00000000e9200000, 0x0000000100000000)
  eden space 188928K, 100% used [0x00000000d5580000,0x00000000e0e00000,0x00000000e0e00000)
  from space 16896K, 0% used [0x00000000e0e00000,0x00000000e0e00000,0x00000000e1e80000)
  to   space 17920K, 0% used [0x00000000e8080000,0x00000000e8080000,0x00000000e9200000)
 ParOldGen       total 106496K, used 29904K [0x0000000080000000, 0x0000000086800000, 0x00000000d5580000)
  object space 106496K, 28% used [0x0000000080000000,0x0000000081d34038,0x0000000086800000)
 Metaspace       used 68511K, capacity 71668K, committed 71896K, reserved 1112064K
  class space    used 9329K, capacity 9944K, committed 9984K, reserved 1048576K
Event: 54.835 GC heap after
Heap after GC invocations=17 (full 3):
 PSYoungGen      total 302592K, used 17895K [0x00000000d5580000, 0x00000000e9880000, 0x0000000100000000)
  eden space 284672K, 0% used [0x00000000d5580000,0x00000000d5580000,0x00000000e6b80000)
  from space 17920K, 99% used [0x00000000e8080000,0x00000000e91f9e50,0x00000000e9200000)
  to   space 21504K, 0% used [0x00000000e6b80000,0x00000000e6b80000,0x00000000e8080000)
 ParOldGen       total 106496K, used 32101K [0x0000000080000000, 0x0000000086800000, 0x00000000d5580000)
  object space 106496K, 30% used [0x0000000080000000,0x0000000081f597b0,0x0000000086800000)
 Metaspace       used 68511K, capacity 71668K, committed 71896K, reserved 1112064K
  class space    used 9329K, capacity 9944K, committed 9984K, reserved 1048576K
}
Event: 60.458 GC heap before
{Heap before GC invocations=18 (full 3):
 PSYoungGen      total 302592K, used 302567K [0x00000000d5580000, 0x00000000e9880000, 0x0000000100000000)
  eden space 284672K, 100% used [0x00000000d5580000,0x00000000e6b80000,0x00000000e6b80000)
  from space 17920K, 99% used [0x00000000e8080000,0x00000000e91f9e50,0x00000000e9200000)
  to   space 21504K, 0% used [0x00000000e6b80000,0x00000000e6b80000,0x00000000e8080000)
 ParOldGen       total 106496K, used 32101K [0x0000000080000000, 0x0000000086800000, 0x00000000d5580000)
  object space 106496K, 30% used [0x0000000080000000,0x0000000081f597b0,0x0000000086800000)
 Metaspace       used 83222K, capacity 87456K, committed 87768K, reserved 1124352K
  class space    used 11360K, capacity 12225K, committed 12288K, reserved 1048576K
Event: 60.520 GC heap after
Heap after GC invocations=18 (full 3):
 PSYoungGen      total 306176K, used 21491K [0x00000000d5580000, 0x00000000f3400000, 0x0000000100000000)
  eden space 284672K, 0% used [0x00000000d5580000,0x00000000d5580000,0x00000000e6b80000)
  from space 21504K, 99% used [0x00000000e6b80000,0x00000000e807ce18,0x00000000e8080000)
  to   space 30720K, 0% used [0x00000000f1600000,0x00000000f1600000,0x00000000f3400000)
 ParOldGen       total 106496K, used 47885K [0x0000000080000000, 0x0000000086800000, 0x00000000d5580000)
  object space 106496K, 44% used [0x0000000080000000,0x0000000082ec3570,0x0000000086800000)
 Metaspace       used 83222K, capacity 87456K, committed 87768K, reserved 1124352K
  class space    used 11360K, capacity 12225K, committed 12288K, reserved 1048576K
}
Event: 177.268 GC heap before
{Heap before GC invocations=19 (full 3):
 PSYoungGen      total 306176K, used 201003K [0x00000000d5580000, 0x00000000f3400000, 0x0000000100000000)
  eden space 284672K, 63% used [0x00000000d5580000,0x00000000e04ce130,0x00000000e6b80000)
  from space 21504K, 99% used [0x00000000e6b80000,0x00000000e807ce18,0x00000000e8080000)
  to   space 30720K, 0% used [0x00000000f1600000,0x00000000f1600000,0x00000000f3400000)
 ParOldGen       total 106496K, used 47885K [0x0000000080000000, 0x0000000086800000, 0x00000000d5580000)
  object space 106496K, 44% used [0x0000000080000000,0x0000000082ec3570,0x0000000086800000)
 Metaspace       used 93397K, capacity 98346K, committed 98496K, reserved 1134592K
  class space    used 12426K, capacity 13454K, committed 13544K, reserved 1048576K
Event: 177.306 GC heap after
Heap after GC invocations=19 (full 3):
 PSYoungGen      total 443904K, used 16871K [0x00000000d5580000, 0x00000000f2c80000, 0x0000000100000000)
  eden space 420864K, 0% used [0x00000000d5580000,0x00000000d5580000,0x00000000ef080000)
  from space 23040K, 73% used [0x00000000f1600000,0x00000000f2679ea8,0x00000000f2c80000)
  to   space 30720K, 0% used [0x00000000ef080000,0x00000000ef080000,0x00000000f0e80000)
 ParOldGen       total 106496K, used 61926K [0x0000000080000000, 0x0000000086800000, 0x00000000d5580000)
  object space 106496K, 58% used [0x0000000080000000,0x0000000083c79978,0x0000000086800000)
 Metaspace       used 93397K, capacity 98346K, committed 98496K, reserved 1134592K
  class space    used 12426K, capacity 13454K, committed 13544K, reserved 1048576K
}
Event: 177.306 GC heap before
{Heap before GC invocations=20 (full 4):
 PSYoungGen      total 443904K, used 16871K [0x00000000d5580000, 0x00000000f2c80000, 0x0000000100000000)
  eden space 420864K, 0% used [0x00000000d5580000,0x00000000d5580000,0x00000000ef080000)
  from space 23040K, 73% used [0x00000000f1600000,0x00000000f2679ea8,0x00000000f2c80000)
  to   space 30720K, 0% used [0x00000000ef080000,0x00000000ef080000,0x00000000f0e80000)
 ParOldGen       total 106496K, used 61926K [0x0000000080000000, 0x0000000086800000, 0x00000000d5580000)
  object space 106496K, 58% used [0x0000000080000000,0x0000000083c79978,0x0000000086800000)
 Metaspace       used 93397K, capacity 98346K, committed 98496K, reserved 1134592K
  class space    used 12426K, capacity 13454K, committed 13544K, reserved 1048576K
Event: 177.640 GC heap after
Heap after GC invocations=20 (full 4):
 PSYoungGen      total 443904K, used 0K [0x00000000d5580000, 0x00000000f2c80000, 0x0000000100000000)
  eden space 420864K, 0% used [0x00000000d5580000,0x00000000d5580000,0x00000000ef080000)
  from space 23040K, 0% used [0x00000000f1600000,0x00000000f1600000,0x00000000f2c80000)
  to   space 30720K, 0% used [0x00000000ef080000,0x00000000ef080000,0x00000000f0e80000)
 ParOldGen       total 152064K, used 61635K [0x0000000080000000, 0x0000000089480000, 0x00000000d5580000)
  object space 152064K, 40% used [0x0000000080000000,0x0000000083c30f40,0x0000000089480000)
 Metaspace       used 93271K, capacity 97994K, committed 98496K, reserved 1134592K
  class space    used 12390K, capacity 13398K, committed 13544K, reserved 1048576K
}

